[03-Sep-2015 18:07:41 UTC] PHP Fatal error:  Class Sensorario\Rounding\Good contains 1 abstract method and must therefore be declared abstract or implement the remaining methods (Sensorario\Rounding\Percentable::valuePercent) in /home/vagrant/Development/sensorario/extreme/test/unit/Sensorario/Rounding/RoundingTest.php on line 45
[03-Sep-2015 18:08:05 UTC] PHP Fatal error:  Class Sensorario\Rounding\Good contains 1 abstract method and must therefore be declared abstract or implement the remaining methods (Sensorario\Rounding\Percentable::valuePercent) in /home/vagrant/Development/sensorario/extreme/test/unit/Sensorario/Rounding/RoundingTest.php on line 45
[03-Sep-2015 18:10:05 UTC] PHP Fatal error:  Declaration of Sensorario\Rounding\IntegerValue::valuePercent() must be compatible with Sensorario\Rounding\Percentable::valuePercent() in /home/vagrant/Development/sensorario/extreme/test/unit/Sensorario/Rounding/RoundingTest.php on line 73
[03-Sep-2015 18:14:21 UTC] PHP Fatal error:  Interface 'Sensorario\RoundingTest\Percentable' not found in /home/vagrant/Development/sensorario/extreme/test/unit/Sensorario/Rounding/RoundingTest.php on line 25
[03-Sep-2015 18:25:32 UTC] PHP Fatal error:  Call to undefined method Sensorario\Rounding\Good::percent() in /home/vagrant/Development/sensorario/extreme/test/unit/Sensorario/Rounding/GoodTest.php on line 24
[03-Sep-2015 18:25:51 UTC] PHP Warning:  Uncaught Undefined variable: monney

/home/vagrant/Development/sensorario/extreme/src/Sensorario/Rounding/Good.php:31
/home/vagrant/Development/sensorario/extreme/test/unit/Sensorario/Rounding/GoodTest.php:24

  thrown in /home/vagrant/Development/sensorario/extreme/src/Sensorario/Rounding/Good.php on line 31
[03-Sep-2015 18:25:51 UTC] PHP Fatal error:  Call to a member function valuePercent() on a non-object in /home/vagrant/Development/sensorario/extreme/src/Sensorario/Rounding/Good.php on line 31
[03-Sep-2015 18:26:19 UTC] PHP Warning:  Uncaught Undefined variable: monney

/home/vagrant/Development/sensorario/extreme/src/Sensorario/Rounding/Good.php:31
/home/vagrant/Development/sensorario/extreme/test/unit/Sensorario/Rounding/GoodTest.php:24

  thrown in /home/vagrant/Development/sensorario/extreme/src/Sensorario/Rounding/Good.php on line 31
[03-Sep-2015 18:26:19 UTC] PHP Fatal error:  Call to a member function valuePercent() on a non-object in /home/vagrant/Development/sensorario/extreme/src/Sensorario/Rounding/Good.php on line 31
[03-Sep-2015 18:27:16 UTC] PHP Warning:  Uncaught Undefined variable: monney

/home/vagrant/Development/sensorario/extreme/src/Sensorario/Rounding/Good.php:31
/home/vagrant/Development/sensorario/extreme/test/unit/Sensorario/Rounding/GoodTest.php:24

  thrown in /home/vagrant/Development/sensorario/extreme/src/Sensorario/Rounding/Good.php on line 31
[03-Sep-2015 18:27:16 UTC] PHP Fatal error:  Call to a member function valuePercent() on a non-object in /home/vagrant/Development/sensorario/extreme/src/Sensorario/Rounding/Good.php on line 31
